2025-03-11T09:04:12.512+08:00  INFO 27920 --- [blog-backend] [restartedMain] com.mlersblog.BlogBackendApplication     : Starting BlogBackendApplication using Java 21.0.1 with PID 27920 (D:\Java_Project\MlersBlog\blog-backend\target\classes started by mlers in D:\Java_Project\MlersBlog\blog-backend)
2025-03-11T09:04:12.515+08:00 DEBUG 27920 --- [blog-backend] [restartedMain] com.mlersblog.BlogBackendApplication     : Running with Spring Boot v3.2.0, Spring v6.1.1
2025-03-11T09:04:12.516+08:00  INFO 27920 --- [blog-backend] [restartedMain] com.mlersblog.BlogBackendApplication     : No active profile set, falling back to 1 default profile: "default"
2025-03-11T09:04:12.553+08:00  INFO 27920 --- [blog-backend] [restartedMain] .e.DevToolsPropertyDefaultsPostProcessor : Devtools property defaults active! Set 'spring.devtools.add-properties' to 'false' to disable
2025-03-11T09:04:12.554+08:00  INFO 27920 --- [blog-backend] [restartedMain] .e.DevToolsPropertyDefaultsPostProcessor : For additional web related logging consider setting the 'logging.level.web' property to 'DEBUG'
2025-03-11T09:04:13.205+08:00  INFO 27920 --- [blog-backend] [restartedMain] .s.d.r.c.RepositoryConfigurationDelegate : Bootstrapping Spring Data JPA repositories in DEFAULT mode.
2025-03-11T09:04:13.289+08:00  INFO 27920 --- [blog-backend] [restartedMain] .s.d.r.c.RepositoryConfigurationDelegate : Finished Spring Data repository scanning in 73 ms. Found 6 JPA repository interfaces.
2025-03-11T09:04:13.866+08:00  INFO 27920 --- [blog-backend] [restartedMain] o.s.b.w.embedded.tomcat.TomcatWebServer  : Tomcat initialized with port 8080 (http)
2025-03-11T09:04:13.876+08:00  INFO 27920 --- [blog-backend] [restartedMain] o.apache.catalina.core.StandardService   : Starting service [Tomcat]
2025-03-11T09:04:13.876+08:00  INFO 27920 --- [blog-backend] [restartedMain] o.apache.catalina.core.StandardEngine    : Starting Servlet engine: [Apache Tomcat/10.1.16]
2025-03-11T09:04:13.934+08:00  INFO 27920 --- [blog-backend] [restartedMain] o.a.c.c.C.[Tomcat].[localhost].[/api]    : Initializing Spring embedded WebApplicationContext
2025-03-11T09:04:13.935+08:00  INFO 27920 --- [blog-backend] [restartedMain] w.s.c.ServletWebServerApplicationContext : Root WebApplicationContext: initialization completed in 1381 ms
2025-03-11T09:04:14.091+08:00  INFO 27920 --- [blog-backend] [restartedMain] o.hibernate.jpa.internal.util.LogHelper  : HHH000204: Processing PersistenceUnitInfo [name: default]
2025-03-11T09:04:14.165+08:00  INFO 27920 --- [blog-backend] [restartedMain] org.hibernate.Version                    : HHH000412: Hibernate ORM core version 6.3.1.Final
2025-03-11T09:04:14.204+08:00  INFO 27920 --- [blog-backend] [restartedMain] o.h.c.internal.RegionFactoryInitiator    : HHH000026: Second-level cache disabled
2025-03-11T09:04:14.508+08:00  INFO 27920 --- [blog-backend] [restartedMain] o.s.o.j.p.SpringPersistenceUnitInfo      : No LoadTimeWeaver setup: ignoring JPA class transformer
2025-03-11T09:04:14.537+08:00  INFO 27920 --- [blog-backend] [restartedMain] com.zaxxer.hikari.HikariDataSource       : HikariPool-1 - Starting...
2025-03-11T09:04:14.735+08:00  INFO 27920 --- [blog-backend] [restartedMain] com.zaxxer.hikari.pool.HikariPool        : HikariPool-1 - Added connection com.mysql.cj.jdbc.ConnectionImpl@6a74f639
2025-03-11T09:04:14.735+08:00  INFO 27920 --- [blog-backend] [restartedMain] com.zaxxer.hikari.HikariDataSource       : HikariPool-1 - Start completed.
2025-03-11T09:04:14.817+08:00  WARN 27920 --- [blog-backend] [restartedMain] org.hibernate.orm.deprecation            : HHH90000025: MySQL8Dialect does not need to be specified explicitly using 'hibernate.dialect' (remove the property setting and it will be selected by default)
2025-03-11T09:04:14.818+08:00  WARN 27920 --- [blog-backend] [restartedMain] org.hibernate.orm.deprecation            : HHH90000026: MySQL8Dialect has been deprecated; use org.hibernate.dialect.MySQLDialect instead
2025-03-11T09:04:15.704+08:00  INFO 27920 --- [blog-backend] [restartedMain] o.h.e.t.j.p.i.JtaPlatformInitiator       : HHH000489: No JTA platform available (set 'hibernate.transaction.jta.platform' to enable JTA platform integration)
2025-03-11T09:04:15.891+08:00  INFO 27920 --- [blog-backend] [restartedMain] j.LocalContainerEntityManagerFactoryBean : Initialized JPA EntityManagerFactory for persistence unit 'default'
2025-03-11T09:04:16.149+08:00  INFO 27920 --- [blog-backend] [restartedMain] o.s.d.j.r.query.QueryEnhancerFactory     : Hibernate is in classpath; If applicable, HQL parser will be used.
2025-03-11T09:04:16.527+08:00 DEBUG 27920 --- [blog-backend] [restartedMain] c.m.s.jwt.JwtAuthenticationFilter        : Filter 'jwtAuthenticationFilter' configured for use
2025-03-11T09:04:17.025+08:00  WARN 27920 --- [blog-backend] [restartedMain] JpaBaseConfiguration$JpaWebConfiguration : spring.jpa.open-in-view is enabled by default. Therefore, database queries may be performed during view rendering. Explicitly configure spring.jpa.open-in-view to disable this warning
2025-03-11T09:04:17.276+08:00  INFO 27920 --- [blog-backend] [restartedMain] o.s.s.web.DefaultSecurityFilterChain     : Will secure any request with [org.springframework.security.web.session.DisableEncodeUrlFilter@41a71a49, org.springframework.security.web.context.request.async.WebAsyncManagerIntegrationFilter@6ccb874c, org.springframework.security.web.context.SecurityContextHolderFilter@70001642, org.springframework.security.web.header.HeaderWriterFilter@705827bf, org.springframework.web.filter.CorsFilter@5b65f29c, org.springframework.security.web.authentication.logout.LogoutFilter@18f7ed28, com.mlersblog.security.jwt.JwtAuthenticationFilter@1c8c7f96, org.springframework.security.web.savedrequest.RequestCacheAwareFilter@5743eb24, org.springframework.security.web.servletapi.SecurityContextHolderAwareRequestFilter@4db15ce5, org.springframework.security.web.authentication.AnonymousAuthenticationFilter@5c9b1767, org.springframework.security.web.session.SessionManagementFilter@a2cea90, org.springframework.security.web.access.ExceptionTranslationFilter@6e7c1278, org.springframework.security.web.access.intercept.AuthorizationFilter@3aa2ec75]
2025-03-11T09:04:17.471+08:00  INFO 27920 --- [blog-backend] [restartedMain] o.s.b.d.a.OptionalLiveReloadServer       : LiveReload server is running on port 35729
2025-03-11T09:04:17.504+08:00  INFO 27920 --- [blog-backend] [restartedMain] o.s.b.w.embedded.tomcat.TomcatWebServer  : Tomcat started on port 8080 (http) with context path '/api'
2025-03-11T09:04:17.509+08:00  INFO 27920 --- [blog-backend] [restartedMain] com.mlersblog.BlogBackendApplication     : Started BlogBackendApplication in 5.411 seconds (process running for 6.181)
2025-03-11T09:04:34.326+08:00  INFO 27920 --- [blog-backend] [http-nio-8080-exec-1] o.a.c.c.C.[Tomcat].[localhost].[/api]    : Initializing Spring DispatcherServlet 'dispatcherServlet'
2025-03-11T09:04:34.326+08:00  INFO 27920 --- [blog-backend] [http-nio-8080-exec-1] o.s.web.servlet.DispatcherServlet        : Initializing Servlet 'dispatcherServlet'
2025-03-11T09:04:34.327+08:00  INFO 27920 --- [blog-backend] [http-nio-8080-exec-1] o.s.web.servlet.DispatcherServlet        : Completed initialization in 1 ms
2025-03-11T09:04:34.337+08:00  WARN 27920 --- [blog-backend] [http-nio-8080-exec-1] o.s.w.s.h.HandlerMappingIntrospector     : Cache miss for REQUEST dispatch to '/api/tags/popular' (previous null). Performing MatchableHandlerMapping lookup. This is logged once only at WARN level, and every time at TRACE.
2025-03-11T10:47:28.970+08:00  INFO 27920 --- [blog-backend] [SpringApplicationShutdownHook] j.LocalContainerEntityManagerFactoryBean : Closing JPA EntityManagerFactory for persistence unit 'default'
2025-03-11T10:47:28.979+08:00  INFO 27920 --- [blog-backend] [SpringApplicationShutdownHook] com.zaxxer.hikari.HikariDataSource       : HikariPool-1 - Shutdown initiated...
2025-03-11T10:47:28.982+08:00  INFO 27920 --- [blog-backend] [SpringApplicationShutdownHook] com.zaxxer.hikari.HikariDataSource       : HikariPool-1 - Shutdown completed.
